license.txt
readme.txt
build\vs2008\mnet\mnet.sln
build\vs2008\mnet\mnet.vcproj
build\vs2010\mnet\mnet.sln
build\vs2010\mnet\mnet.vcxproj
build\vs2010\mnet\mnet.vcxproj.filters
documentation\mnet.chm
include\mnet\Address.h
include\mnet\IOService.h
include\mnet\mnet.h
include\mnet\PacketListener.h
include\mnet\UDPSocket.h
samples\client-server\client-server.cpp
samples\client-server\client.bat
samples\client-server\server.bat
samples\client-server\build\vs2010\client-server\client-server.sln
samples\client-server\build\vs2010\client-server\client-server\client-server.vcxproj
samples\client-server\build\vs2010\client-server\client-server\client-server.vcxproj.filters
source\Address.cpp
source\IOService.cpp
source\UDPSocket.cpp
